<?xml version="1.0" encoding="UTF-8"?>
<!-- Generated by org.testng.reporters.JUnitXMLReporter -->
<testsuite hostname="DESKTOP-N0MKA9O" ignored="0" name="Test" tests="5" failures="1" timestamp="10 Dec 2021 03:14:21 GMT" time="64.691" errors="0">
  <testcase name="tc1" time="7.219" classname="org.rerun.Rerun"/>
  <testcase name="tc2" time="5.529" classname="org.rerun.Rerun">
    <skipped/>
  </testcase> <!-- tc2 -->
  <testcase name="tc2" time="5.612" classname="org.rerun.Rerun">
    <skipped/>
  </testcase> <!-- tc2 -->
  <testcase name="tc2" time="6.029" classname="org.rerun.Rerun">
    <skipped/>
  </testcase> <!-- tc2 -->
  <testcase name="tc2" time="5.475" classname="org.rerun.Rerun">
    <failure type="java.lang.AssertionError" message="Test case fail expected [true] but found [false]">
      <![CDATA[java.lang.AssertionError: Test case fail expected [true] but found [false]
at org.rerun.Rerun.tc2(Rerun.java:72)
... Removed 28 stack frames]]>
    </failure>
  </testcase> <!-- tc2 -->
</testsuite> <!-- Test -->
